2020-11-10 19:46:12,018 [Worker-1: Loading available Gradle versions] INFO  o.e.b.c.i.u.g.PublishedGradleVersions - Gradle version information cache is out-of-date. Trying to update.
2020-11-10 19:49:40,009 [Worker-9: Importing Maven projects] INFO  o.e.m.c.i.l.LifecycleMappingFactory - Using org.eclipse.m2e.jdt.JarLifecycleMapping lifecycle mapping for MavenProject: br.com.erudio:rest-with-springboot-udemy:0.0.1-SNAPSHOT @ C:\Users\BrunodeFariasBezerra\Documents\AprendendoApringBoot\RestWithSpringBoot\03 RestWithSpringBootUdemy Verbs\pom.xml.
2020-11-10 19:49:46,319 [Worker-9: Importing Maven projects] INFO  o.e.m.j.i.AbstractJavaProjectConfigurator - Adding source folder /03 RestWithSpringBootUdemy Verbs/src/main/java
2020-11-10 19:49:46,320 [Worker-9: Importing Maven projects] INFO  o.e.m.j.i.AbstractJavaProjectConfigurator - Adding source folder /03 RestWithSpringBootUdemy Verbs/src/test/java
2020-11-10 19:49:51,084 [Worker-9: Importing Maven projects] INFO  o.e.m.c.i.p.ProjectConfigurationManager - Imported and configured 1 project(s) in 18 sec
2020-11-10 19:49:53,829 [Worker-1: Building] INFO  o.e.m.c.i.embedder.EclipseLogger - Using 'UTF-8' encoding to copy filtered resources.
2020-11-10 19:49:53,830 [Worker-1: Building] INFO  o.e.m.c.i.embedder.EclipseLogger - skip non existing resourceDirectory C:\Users\BrunodeFariasBezerra\Documents\AprendendoApringBoot\RestWithSpringBoot\03 RestWithSpringBootUdemy Verbs\src\main\resources
2020-11-10 19:49:53,830 [Worker-1: Building] INFO  o.e.m.c.i.embedder.EclipseLogger - skip non existing resourceDirectory C:\Users\BrunodeFariasBezerra\Documents\AprendendoApringBoot\RestWithSpringBoot\03 RestWithSpringBootUdemy Verbs\src\main\resources
2020-11-10 19:49:53,833 [Worker-1: Building] INFO  o.e.m.c.i.embedder.EclipseLogger - Using 'UTF-8' encoding to copy filtered resources.
2020-11-10 19:49:53,833 [Worker-1: Building] INFO  o.e.m.c.i.embedder.EclipseLogger - skip non existing resourceDirectory C:\Users\BrunodeFariasBezerra\Documents\AprendendoApringBoot\RestWithSpringBoot\03 RestWithSpringBootUdemy Verbs\src\test\resources
2020-11-10 19:50:31,052 [Worker-3: Launching 03 RestWithSpringBootUdemy Verbs - Startup] INFO  o.e.m.c.i.embedder.EclipseLogger - Using 'UTF-8' encoding to copy filtered resources.
2020-11-10 19:50:31,053 [Worker-3: Launching 03 RestWithSpringBootUdemy Verbs - Startup] INFO  o.e.m.c.i.embedder.EclipseLogger - skip non existing resourceDirectory C:\Users\BrunodeFariasBezerra\Documents\AprendendoApringBoot\RestWithSpringBoot\03 RestWithSpringBootUdemy Verbs\src\main\resources
2020-11-10 19:50:31,053 [Worker-3: Launching 03 RestWithSpringBootUdemy Verbs - Startup] INFO  o.e.m.c.i.embedder.EclipseLogger - skip non existing resourceDirectory C:\Users\BrunodeFariasBezerra\Documents\AprendendoApringBoot\RestWithSpringBoot\03 RestWithSpringBootUdemy Verbs\src\main\resources
2020-11-10 19:50:31,056 [Worker-3: Launching 03 RestWithSpringBootUdemy Verbs - Startup] INFO  o.e.m.c.i.embedder.EclipseLogger - Using 'UTF-8' encoding to copy filtered resources.
2020-11-10 19:50:31,057 [Worker-3: Launching 03 RestWithSpringBootUdemy Verbs - Startup] INFO  o.e.m.c.i.embedder.EclipseLogger - skip non existing resourceDirectory C:\Users\BrunodeFariasBezerra\Documents\AprendendoApringBoot\RestWithSpringBoot\03 RestWithSpringBootUdemy Verbs\src\test\resources
2020-11-13 21:31:39,434 [Worker-0: Loading available Gradle versions] INFO  o.e.b.c.i.u.g.PublishedGradleVersions - Gradle version information cache is out-of-date. Trying to update.
2020-11-13 21:32:09,355 [Worker-0: Launching 03 RestWithSpringBootUdemy Verbs - Startup] INFO  o.e.m.c.i.embedder.EclipseLogger - Using 'UTF-8' encoding to copy filtered resources.
2020-11-13 21:32:09,355 [Worker-0: Launching 03 RestWithSpringBootUdemy Verbs - Startup] INFO  o.e.m.c.i.embedder.EclipseLogger - skip non existing resourceDirectory C:\Users\BrunodeFariasBezerra\Documents\AprendendoApringBoot\RestWithSpringBoot\03 RestWithSpringBootUdemy Verbs\src\main\resources
2020-11-13 21:32:09,355 [Worker-0: Launching 03 RestWithSpringBootUdemy Verbs - Startup] INFO  o.e.m.c.i.embedder.EclipseLogger - skip non existing resourceDirectory C:\Users\BrunodeFariasBezerra\Documents\AprendendoApringBoot\RestWithSpringBoot\03 RestWithSpringBootUdemy Verbs\src\main\resources
2020-11-13 21:32:09,358 [Worker-0: Launching 03 RestWithSpringBootUdemy Verbs - Startup] INFO  o.e.m.c.i.embedder.EclipseLogger - Using 'UTF-8' encoding to copy filtered resources.
2020-11-13 21:32:09,358 [Worker-0: Launching 03 RestWithSpringBootUdemy Verbs - Startup] INFO  o.e.m.c.i.embedder.EclipseLogger - skip non existing resourceDirectory C:\Users\BrunodeFariasBezerra\Documents\AprendendoApringBoot\RestWithSpringBoot\03 RestWithSpringBootUdemy Verbs\src\test\resources
